[Thu Jul 24 18:32:07 UTC 2025] Logbestand aangemaakt.
[Thu Jul 24 18:32:07 UTC 2025] Weer data toegevoegd aan ./raw_data/weer-data.csv
[Thu Jul 24 18:32:08 UTC 2025] Energy data toegevoegd aan ./raw_data/energy-data.csv
[Thu Jul 24 19:13:20 UTC 2025] Weer data toegevoegd aan ./raw_data/weer-data.csv
[Thu Jul 24 19:13:21 UTC 2025] Energy data toegevoegd aan ./raw_data/energy-data.csv
[Thu Jul 24 20:15:02 UTC 2025] Weer data toegevoegd aan ./raw_data/weer-data.csv
[Thu Jul 24 20:15:02 UTC 2025] Energy data toegevoegd aan ./raw_data/energy-data.csv
[Thu Jul 24 21:13:22 UTC 2025] Weer data toegevoegd aan ./raw_data/weer-data.csv
[Thu Jul 24 21:13:22 UTC 2025] Energy data toegevoegd aan ./raw_data/energy-data.csv
[Thu Jul 24 22:15:14 UTC 2025] Weer data toegevoegd aan ./raw_data/weer-data.csv
[Thu Jul 24 22:15:15 UTC 2025] Energy data toegevoegd aan ./raw_data/energy-data.csv
[Thu Jul 24 23:13:48 UTC 2025] Weer data toegevoegd aan ./raw_data/weer-data.csv
[Thu Jul 24 23:13:49 UTC 2025] Energy data toegevoegd aan ./raw_data/energy-data.csv
[Fri Jul 25 01:05:59 UTC 2025] Weer data toegevoegd aan ./raw_data/weer-data.csv
[Fri Jul 25 01:05:59 UTC 2025] Energy data toegevoegd aan ./raw_data/energy-data.csv
[Fri Jul 25 03:25:21 UTC 2025] Weer data toegevoegd aan ./raw_data/weer-data.csv
[Fri Jul 25 03:25:22 UTC 2025] Energy data toegevoegd aan ./raw_data/energy-data.csv
[Fri Jul 25 04:33:23 UTC 2025] Weer data toegevoegd aan ./raw_data/weer-data.csv
[Fri Jul 25 04:33:24 UTC 2025] Energy data toegevoegd aan ./raw_data/energy-data.csv
[Fri Jul 25 05:21:50 UTC 2025] Weer data toegevoegd aan ./raw_data/weer-data.csv
[Fri Jul 25 05:21:51 UTC 2025] Energy data toegevoegd aan ./raw_data/energy-data.csv
[Fri Jul 25 06:21:28 UTC 2025] Weer data toegevoegd aan ./raw_data/weer-data.csv
[Fri Jul 25 06:21:28 UTC 2025] Energy data toegevoegd aan ./raw_data/energy-data.csv
[Fri Jul 25 07:17:42 UTC 2025] Weer data toegevoegd aan ./raw_data/weer-data.csv
[Fri Jul 25 07:17:43 UTC 2025] Energy data toegevoegd aan ./raw_data/energy-data.csv
[Fri Jul 25 08:18:51 UTC 2025] Weer data toegevoegd aan ./raw_data/weer-data.csv
[Fri Jul 25 08:18:52 UTC 2025] Energy data toegevoegd aan ./raw_data/energy-data.csv
[Fri Jul 25 09:17:27 UTC 2025] Weer data toegevoegd aan ./raw_data/weer-data.csv
[Fri Jul 25 09:17:28 UTC 2025] Energy data toegevoegd aan ./raw_data/energy-data.csv
[Fri Jul 25 10:15:00 UTC 2025] Weer data toegevoegd aan ./raw_data/weer-data.csv
[Fri Jul 25 10:15:00 UTC 2025] Energy data toegevoegd aan ./raw_data/energy-data.csv
[Fri Jul 25 11:13:18 UTC 2025] Weer data toegevoegd aan ./raw_data/weer-data.csv
[Fri Jul 25 11:13:18 UTC 2025] Energy data toegevoegd aan ./raw_data/energy-data.csv
[Fri Jul 25 12:27:00 UTC 2025] Weer data toegevoegd aan ./raw_data/weer-data.csv
[Fri Jul 25 12:27:01 UTC 2025] Energy data toegevoegd aan ./raw_data/energy-data.csv
[Fri Jul 25 13:32:24 UTC 2025] Weer data toegevoegd aan ./raw_data/weer-data.csv
[Fri Jul 25 13:32:25 UTC 2025] Energy data toegevoegd aan ./raw_data/energy-data.csv
[Fri Jul 25 14:14:21 UTC 2025] Weer data toegevoegd aan ./raw_data/weer-data.csv
[Fri Jul 25 14:14:22 UTC 2025] Energy data toegevoegd aan ./raw_data/energy-data.csv
[Fri Jul 25 15:14:33 UTC 2025] Weer data toegevoegd aan ./raw_data/weer-data.csv
[Fri Jul 25 15:14:33 UTC 2025] Energy data toegevoegd aan ./raw_data/energy-data.csv
[Fri Jul 25 16:18:16 UTC 2025] Weer data toegevoegd aan ./raw_data/weer-data.csv
[Fri Jul 25 16:18:17 UTC 2025] Energy data toegevoegd aan ./raw_data/energy-data.csv
[Fri Jul 25 17:15:06 UTC 2025] Weer data toegevoegd aan ./raw_data/weer-data.csv
[Fri Jul 25 17:15:07 UTC 2025] Energy data toegevoegd aan ./raw_data/energy-data.csv
[Fri Jul 25 18:19:59 UTC 2025] Weer data toegevoegd aan ./raw_data/weer-data.csv
[Fri Jul 25 18:19:59 UTC 2025] Energy data toegevoegd aan ./raw_data/energy-data.csv
[Fri Jul 25 19:13:48 UTC 2025] Weer data toegevoegd aan ./raw_data/weer-data.csv
[Fri Jul 25 19:13:49 UTC 2025] Energy data toegevoegd aan ./raw_data/energy-data.csv
[Fri Jul 25 20:14:36 UTC 2025] Weer data toegevoegd aan ./raw_data/weer-data.csv
[Fri Jul 25 20:14:37 UTC 2025] Energy data toegevoegd aan ./raw_data/energy-data.csv
[Fri Jul 25 21:13:36 UTC 2025] Weer data toegevoegd aan ./raw_data/weer-data.csv
[Fri Jul 25 21:13:37 UTC 2025] Energy data toegevoegd aan ./raw_data/energy-data.csv
