[Thu Jul 24 18:32:11 UTC 2025] PDF report generated: ./reports/report.pdf
[Thu Jul 24 19:13:24 UTC 2025] PDF report generated: ./reports/report.pdf
[Thu Jul 24 20:15:08 UTC 2025] PDF report generated: ./reports/report.pdf
[Thu Jul 24 21:13:26 UTC 2025] PDF report generated: ./reports/report.pdf
[Thu Jul 24 22:15:18 UTC 2025] PDF report generated: ./reports/report.pdf
[Thu Jul 24 23:13:53 UTC 2025] PDF report generated: ./reports/report.pdf
[Fri Jul 25 01:06:02 UTC 2025] PDF report generated: ./reports/report.pdf
[Fri Jul 25 03:25:25 UTC 2025] PDF report generated: ./reports/report.pdf
[Fri Jul 25 04:33:27 UTC 2025] PDF report generated: ./reports/report.pdf
[Fri Jul 25 05:21:54 UTC 2025] PDF report generated: ./reports/report.pdf
[Fri Jul 25 06:21:32 UTC 2025] PDF report generated: ./reports/report.pdf
[Fri Jul 25 07:17:47 UTC 2025] PDF report generated: ./reports/report.pdf
[Fri Jul 25 08:18:55 UTC 2025] PDF report generated: ./reports/report.pdf
[Fri Jul 25 09:17:31 UTC 2025] PDF report generated: ./reports/report.pdf
[Fri Jul 25 10:15:04 UTC 2025] PDF report generated: ./reports/report.pdf
[Fri Jul 25 11:13:22 UTC 2025] PDF report generated: ./reports/report.pdf
[Fri Jul 25 12:27:04 UTC 2025] PDF report generated: ./reports/report.pdf
[Fri Jul 25 13:32:28 UTC 2025] PDF report generated: ./reports/report.pdf
[Fri Jul 25 14:14:25 UTC 2025] PDF report generated: ./reports/report.pdf
[Fri Jul 25 15:14:36 UTC 2025] PDF report generated: ./reports/report.pdf
[Fri Jul 25 16:18:22 UTC 2025] PDF report generated: ./reports/report.pdf
[Fri Jul 25 17:15:11 UTC 2025] PDF report generated: ./reports/report.pdf
[Fri Jul 25 18:20:03 UTC 2025] PDF report generated: ./reports/report.pdf
[Fri Jul 25 19:13:52 UTC 2025] PDF report generated: ./reports/report.pdf
[Fri Jul 25 20:14:40 UTC 2025] PDF report generated: ./reports/report.pdf
[Fri Jul 25 21:13:41 UTC 2025] PDF report generated: ./reports/report.pdf
[Fri Jul 25 22:13:12 UTC 2025] PDF report generated: ./reports/report.pdf
[Fri Jul 25 23:15:01 UTC 2025] PDF report generated: ./reports/report.pdf
[Sat Jul 26 01:03:50 UTC 2025] PDF report generated: ./reports/report.pdf
[Sat Jul 26 03:21:22 UTC 2025] PDF report generated: ./reports/report.pdf
[Sat Jul 26 04:31:27 UTC 2025] PDF report generated: ./reports/report.pdf
[Sat Jul 26 05:18:21 UTC 2025] PDF report generated: ./reports/report.pdf
[Sat Jul 26 06:19:24 UTC 2025] PDF report generated: ./reports/report.pdf
[Sat Jul 26 07:14:27 UTC 2025] PDF report generated: ./reports/report.pdf
[Sat Jul 26 08:17:22 UTC 2025] PDF report generated: ./reports/report.pdf
[Sat Jul 26 09:14:26 UTC 2025] PDF report generated: ./reports/report.pdf
[Sat Jul 26 10:13:27 UTC 2025] PDF report generated: ./reports/report.pdf
[Sat Jul 26 11:12:08 UTC 2025] PDF report generated: ./reports/report.pdf
[Sat Jul 26 12:25:00 UTC 2025] PDF report generated: ./reports/report.pdf
[Sat Jul 26 13:26:08 UTC 2025] PDF report generated: ./reports/report.pdf
[Sat Jul 26 14:13:17 UTC 2025] PDF report generated: ./reports/report.pdf
[Sat Jul 26 15:13:38 UTC 2025] PDF report generated: ./reports/report.pdf
[Sat Jul 26 16:16:11 UTC 2025] PDF report generated: ./reports/report.pdf
[Sat Jul 26 17:12:57 UTC 2025] PDF report generated: ./reports/report.pdf
[Sat Jul 26 18:18:21 UTC 2025] PDF report generated: ./reports/report.pdf
[Sat Jul 26 19:10:44 UTC 2025] PDF report generated: ./reports/report.pdf
[Sat Jul 26 20:14:37 UTC 2025] PDF report generated: ./reports/report.pdf
[Sat Jul 26 21:12:42 UTC 2025] PDF report generated: ./reports/report.pdf
[Sat Jul 26 22:13:42 UTC 2025] PDF report generated: ./reports/report.pdf
[Sat Jul 26 23:13:58 UTC 2025] PDF report generated: ./reports/report.pdf
[Sun Jul 27 01:11:58 UTC 2025] PDF report generated: ./reports/report.pdf
[Sun Jul 27 03:42:13 UTC 2025] PDF report generated: ./reports/report.pdf
[Sun Jul 27 04:38:50 UTC 2025] PDF report generated: ./reports/report.pdf
[Sun Jul 27 05:20:51 UTC 2025] PDF report generated: ./reports/report.pdf
[Sun Jul 27 06:20:07 UTC 2025] PDF report generated: ./reports/report.pdf
[Sun Jul 27 07:14:16 UTC 2025] PDF report generated: ./reports/report.pdf
[Sun Jul 27 08:17:55 UTC 2025] PDF report generated: ./reports/report.pdf
[Sun Jul 27 09:14:13 UTC 2025] PDF report generated: ./reports/report.pdf
[Sun Jul 27 10:14:31 UTC 2025] PDF report generated: ./reports/report.pdf
[Sun Jul 27 11:11:16 UTC 2025] PDF report generated: ./reports/report.pdf
[Sun Jul 27 12:25:01 UTC 2025] PDF report generated: ./reports/report.pdf
[Sun Jul 27 13:27:26 UTC 2025] PDF report generated: ./reports/report.pdf
[Sun Jul 27 14:14:40 UTC 2025] PDF report generated: ./reports/report.pdf
[Sun Jul 27 15:13:04 UTC 2025] PDF report generated: ./reports/report.pdf
[Sun Jul 27 16:16:34 UTC 2025] PDF report generated: ./reports/report.pdf
[Sun Jul 27 17:12:21 UTC 2025] PDF report generated: ./reports/report.pdf
[Sun Jul 27 18:18:35 UTC 2025] PDF report generated: ./reports/report.pdf
[Sun Jul 27 19:11:46 UTC 2025] PDF report generated: ./reports/report.pdf
[Sun Jul 27 20:15:39 UTC 2025] PDF report generated: ./reports/report.pdf
[Sun Jul 27 21:13:13 UTC 2025] PDF report generated: ./reports/report.pdf
[Sun Jul 27 22:13:17 UTC 2025] PDF report generated: ./reports/report.pdf
[Sun Jul 27 23:13:41 UTC 2025] PDF report generated: ./reports/report.pdf
[Mon Jul 28 01:11:10 UTC 2025] PDF report generated: ./reports/report.pdf
[Mon Jul 28 03:41:58 UTC 2025] PDF report generated: ./reports/report.pdf
[Mon Jul 28 04:40:44 UTC 2025] PDF report generated: ./reports/report.pdf
[Mon Jul 28 05:24:14 UTC 2025] PDF report generated: ./reports/report.pdf
[Mon Jul 28 06:24:09 UTC 2025] PDF report generated: ./reports/report.pdf
[Mon Jul 28 07:21:01 UTC 2025] PDF report generated: ./reports/report.pdf
[Mon Jul 28 08:21:06 UTC 2025] PDF report generated: ./reports/report.pdf
[Mon Jul 28 09:22:36 UTC 2025] PDF report generated: ./reports/report.pdf
[Mon Jul 28 10:19:55 UTC 2025] PDF report generated: ./reports/report.pdf
[Mon Jul 28 11:13:59 UTC 2025] PDF report generated: ./reports/report.pdf
[Mon Jul 28 12:28:06 UTC 2025] PDF report generated: ./reports/report.pdf
[Mon Jul 28 13:35:15 UTC 2025] PDF report generated: ./reports/report.pdf
[Mon Jul 28 14:17:30 UTC 2025] PDF report generated: ./reports/report.pdf
[Mon Jul 28 15:16:33 UTC 2025] PDF report generated: ./reports/report.pdf
[Mon Jul 28 16:19:02 UTC 2025] PDF report generated: ./reports/report.pdf
[Mon Jul 28 17:17:22 UTC 2025] PDF report generated: ./reports/report.pdf
[Mon Jul 28 18:21:24 UTC 2025] PDF report generated: ./reports/report.pdf
[Mon Jul 28 19:14:51 UTC 2025] PDF report generated: ./reports/report.pdf
[Mon Jul 28 20:17:03 UTC 2025] PDF report generated: ./reports/report.pdf
[Mon Jul 28 21:13:50 UTC 2025] PDF report generated: ./reports/report.pdf
[Mon Jul 28 22:15:15 UTC 2025] PDF report generated: ./reports/report.pdf
[Mon Jul 28 23:14:33 UTC 2025] PDF report generated: ./reports/report.pdf
[Tue Jul 29 01:14:50 UTC 2025] PDF report generated: ./reports/report.pdf
[Tue Jul 29 03:45:41 UTC 2025] PDF report generated: ./reports/report.pdf
[Tue Jul 29 04:41:59 UTC 2025] PDF report generated: ./reports/report.pdf
[Tue Jul 29 05:23:56 UTC 2025] PDF report generated: ./reports/report.pdf
[Tue Jul 29 06:22:11 UTC 2025] PDF report generated: ./reports/report.pdf
[Tue Jul 29 07:20:02 UTC 2025] PDF report generated: ./reports/report.pdf
[Tue Jul 29 08:20:48 UTC 2025] PDF report generated: ./reports/report.pdf
[Tue Jul 29 09:19:55 UTC 2025] PDF report generated: ./reports/report.pdf
[Tue Jul 29 10:15:49 UTC 2025] PDF report generated: ./reports/report.pdf
[Tue Jul 29 11:13:39 UTC 2025] PDF report generated: ./reports/report.pdf
[Tue Jul 29 12:29:03 UTC 2025] PDF report generated: ./reports/report.pdf
[Tue Jul 29 13:36:49 UTC 2025] PDF report generated: ./reports/report.pdf
[Tue Jul 29 14:19:00 UTC 2025] PDF report generated: ./reports/report.pdf
[Tue Jul 29 15:17:30 UTC 2025] PDF report generated: ./reports/report.pdf
[Tue Jul 29 16:17:37 UTC 2025] PDF report generated: ./reports/report.pdf
[Tue Jul 29 17:17:33 UTC 2025] PDF report generated: ./reports/report.pdf
[Tue Jul 29 18:21:10 UTC 2025] PDF report generated: ./reports/report.pdf
[Tue Jul 29 19:17:29 UTC 2025] PDF report generated: ./reports/report.pdf
[Tue Jul 29 20:16:29 UTC 2025] PDF report generated: ./reports/report.pdf
[Tue Jul 29 21:14:44 UTC 2025] PDF report generated: ./reports/report.pdf
[Tue Jul 29 22:14:25 UTC 2025] PDF report generated: ./reports/report.pdf
[Tue Jul 29 23:15:04 UTC 2025] PDF report generated: ./reports/report.pdf
[Wed Jul 30 01:07:44 UTC 2025] PDF report generated: ./reports/report.pdf
[Wed Jul 30 03:31:00 UTC 2025] PDF report generated: ./reports/report.pdf
[Wed Jul 30 04:38:42 UTC 2025] PDF report generated: ./reports/report.pdf
[Wed Jul 30 05:25:00 UTC 2025] PDF report generated: ./reports/report.pdf
[Wed Jul 30 06:23:30 UTC 2025] PDF report generated: ./reports/report.pdf
[Wed Jul 30 07:20:35 UTC 2025] PDF report generated: ./reports/report.pdf
[Wed Jul 30 08:21:04 UTC 2025] PDF report generated: ./reports/report.pdf
[Wed Jul 30 09:22:40 UTC 2025] PDF report generated: ./reports/report.pdf
[Wed Jul 30 10:17:39 UTC 2025] PDF report generated: ./reports/report.pdf
[Wed Jul 30 11:14:40 UTC 2025] PDF report generated: ./reports/report.pdf
[Wed Jul 30 12:30:09 UTC 2025] PDF report generated: ./reports/report.pdf
[Wed Jul 30 13:36:51 UTC 2025] PDF report generated: ./reports/report.pdf
[Wed Jul 30 14:16:15 UTC 2025] PDF report generated: ./reports/report.pdf
[Wed Jul 30 15:17:07 UTC 2025] PDF report generated: ./reports/report.pdf
[Wed Jul 30 16:19:26 UTC 2025] PDF report generated: ./reports/report.pdf
[Wed Jul 30 17:15:58 UTC 2025] PDF report generated: ./reports/report.pdf
[Wed Jul 30 18:22:04 UTC 2025] PDF report generated: ./reports/report.pdf
[Wed Jul 30 19:19:43 UTC 2025] PDF report generated: ./reports/report.pdf
[Wed Jul 30 20:15:23 UTC 2025] PDF report generated: ./reports/report.pdf
[Wed Jul 30 21:15:39 UTC 2025] PDF report generated: ./reports/report.pdf
[Wed Jul 30 22:16:01 UTC 2025] PDF report generated: ./reports/report.pdf
[Wed Jul 30 23:16:04 UTC 2025] PDF report generated: ./reports/report.pdf
[Thu Jul 31 01:08:09 UTC 2025] PDF report generated: ./reports/report.pdf
[Thu Jul 31 03:30:07 UTC 2025] PDF report generated: ./reports/report.pdf
[Thu Jul 31 04:36:52 UTC 2025] PDF report generated: ./reports/report.pdf
[Thu Jul 31 05:23:00 UTC 2025] PDF report generated: ./reports/report.pdf
[Thu Jul 31 06:23:19 UTC 2025] PDF report generated: ./reports/report.pdf
[Thu Jul 31 07:20:02 UTC 2025] PDF report generated: ./reports/report.pdf
[Thu Jul 31 08:22:13 UTC 2025] PDF report generated: ./reports/report.pdf
[Thu Jul 31 09:22:31 UTC 2025] PDF report generated: ./reports/report.pdf
[Thu Jul 31 10:16:36 UTC 2025] PDF report generated: ./reports/report.pdf
[Thu Jul 31 11:14:18 UTC 2025] PDF report generated: ./reports/report.pdf
[Thu Jul 31 12:28:29 UTC 2025] PDF report generated: ./reports/report.pdf
[Thu Jul 31 13:35:40 UTC 2025] PDF report generated: ./reports/report.pdf
[Thu Jul 31 14:17:48 UTC 2025] PDF report generated: ./reports/report.pdf
[Thu Jul 31 15:18:21 UTC 2025] PDF report generated: ./reports/report.pdf
[Thu Jul 31 16:19:48 UTC 2025] PDF report generated: ./reports/report.pdf
[Thu Jul 31 17:17:30 UTC 2025] PDF report generated: ./reports/report.pdf
[Thu Jul 31 18:21:56 UTC 2025] PDF report generated: ./reports/report.pdf
[Thu Jul 31 19:17:39 UTC 2025] PDF report generated: ./reports/report.pdf
[Thu Jul 31 20:17:03 UTC 2025] PDF report generated: ./reports/report.pdf
[Thu Jul 31 21:16:14 UTC 2025] PDF report generated: ./reports/report.pdf
[Thu Jul 31 22:15:30 UTC 2025] PDF report generated: ./reports/report.pdf
[Thu Jul 31 23:16:51 UTC 2025] PDF report generated: ./reports/report.pdf
[Fri Aug  1 01:17:10 UTC 2025] PDF report generated: ./reports/report.pdf
[Fri Aug  1 03:52:26 UTC 2025] PDF report generated: ./reports/report.pdf
[Fri Aug  1 04:50:46 UTC 2025] PDF report generated: ./reports/report.pdf
[Fri Aug  1 05:28:40 UTC 2025] PDF report generated: ./reports/report.pdf
[Fri Aug  1 06:24:38 UTC 2025] PDF report generated: ./reports/report.pdf
[Fri Aug  1 07:23:30 UTC 2025] PDF report generated: ./reports/report.pdf
[Fri Aug  1 08:21:20 UTC 2025] PDF report generated: ./reports/report.pdf
[Fri Aug  1 09:21:13 UTC 2025] PDF report generated: ./reports/report.pdf
[Fri Aug  1 10:18:22 UTC 2025] PDF report generated: ./reports/report.pdf
[Fri Aug  1 11:15:40 UTC 2025] PDF report generated: ./reports/report.pdf
[Fri Aug  1 12:29:19 UTC 2025] PDF report generated: ./reports/report.pdf
[Fri Aug  1 13:35:28 UTC 2025] PDF report generated: ./reports/report.pdf
[Fri Aug  1 14:19:32 UTC 2025] PDF report generated: ./reports/report.pdf
[Fri Aug  1 15:17:00 UTC 2025] PDF report generated: ./reports/report.pdf
[Fri Aug  1 16:20:40 UTC 2025] PDF report generated: ./reports/report.pdf
[Fri Aug  1 17:18:31 UTC 2025] PDF report generated: ./reports/report.pdf
[Fri Aug  1 18:22:21 UTC 2025] PDF report generated: ./reports/report.pdf
[Fri Aug  1 19:16:15 UTC 2025] PDF report generated: ./reports/report.pdf
[Fri Aug  1 20:18:36 UTC 2025] PDF report generated: ./reports/report.pdf
[Fri Aug  1 21:16:34 UTC 2025] PDF report generated: ./reports/report.pdf
[Fri Aug  1 22:15:52 UTC 2025] PDF report generated: ./reports/report.pdf
[Fri Aug  1 23:17:00 UTC 2025] PDF report generated: ./reports/report.pdf
[Sat Aug  2 01:07:17 UTC 2025] PDF report generated: ./reports/report.pdf
[Sat Aug  2 03:24:41 UTC 2025] PDF report generated: ./reports/report.pdf
[Sat Aug  2 04:31:59 UTC 2025] PDF report generated: ./reports/report.pdf
[Sat Aug  2 05:20:53 UTC 2025] PDF report generated: ./reports/report.pdf
[Sat Aug  2 06:21:00 UTC 2025] PDF report generated: ./reports/report.pdf
[Sat Aug  2 07:16:22 UTC 2025] PDF report generated: ./reports/report.pdf
[Sat Aug  2 08:19:14 UTC 2025] PDF report generated: ./reports/report.pdf
[Sat Aug  2 09:19:12 UTC 2025] PDF report generated: ./reports/report.pdf
[Sat Aug  2 10:17:00 UTC 2025] PDF report generated: ./reports/report.pdf
[Sat Aug  2 11:14:20 UTC 2025] PDF report generated: ./reports/report.pdf
[Sat Aug  2 12:28:17 UTC 2025] PDF report generated: ./reports/report.pdf
[Sat Aug  2 13:30:02 UTC 2025] PDF report generated: ./reports/report.pdf
[Sat Aug  2 14:16:11 UTC 2025] PDF report generated: ./reports/report.pdf
[Sat Aug  2 15:16:46 UTC 2025] PDF report generated: ./reports/report.pdf
[Sat Aug  2 16:18:13 UTC 2025] PDF report generated: ./reports/report.pdf
[Sat Aug  2 17:15:40 UTC 2025] PDF report generated: ./reports/report.pdf
[Sat Aug  2 18:22:21 UTC 2025] PDF report generated: ./reports/report.pdf
[Sat Aug  2 19:13:15 UTC 2025] PDF report generated: ./reports/report.pdf
[Sat Aug  2 20:16:50 UTC 2025] PDF report generated: ./reports/report.pdf
[Sat Aug  2 21:16:10 UTC 2025] PDF report generated: ./reports/report.pdf
[Sat Aug  2 22:15:58 UTC 2025] PDF report generated: ./reports/report.pdf
[Sat Aug  2 23:16:38 UTC 2025] PDF report generated: ./reports/report.pdf
[Sun Aug  3 01:17:04 UTC 2025] PDF report generated: ./reports/report.pdf
[Sun Aug  3 03:48:41 UTC 2025] PDF report generated: ./reports/report.pdf
[Sun Aug  3 04:45:25 UTC 2025] PDF report generated: ./reports/report.pdf
[Sun Aug  3 05:25:46 UTC 2025] PDF report generated: ./reports/report.pdf
[Sun Aug  3 06:22:47 UTC 2025] PDF report generated: ./reports/report.pdf
[Sun Aug  3 07:17:28 UTC 2025] PDF report generated: ./reports/report.pdf
[Sun Aug  3 08:21:29 UTC 2025] PDF report generated: ./reports/report.pdf
[Sun Aug  3 09:18:20 UTC 2025] PDF report generated: ./reports/report.pdf
[Sun Aug  3 10:18:36 UTC 2025] PDF report generated: ./reports/report.pdf
[Sun Aug  3 11:16:39 UTC 2025] PDF report generated: ./reports/report.pdf
[Sun Aug  3 12:28:40 UTC 2025] PDF report generated: ./reports/report.pdf
[Sun Aug  3 13:32:52 UTC 2025] PDF report generated: ./reports/report.pdf
[Sun Aug  3 14:16:42 UTC 2025] PDF report generated: ./reports/report.pdf
[Sun Aug  3 15:17:48 UTC 2025] PDF report generated: ./reports/report.pdf
[Sun Aug  3 16:20:25 UTC 2025] PDF report generated: ./reports/report.pdf
[Sun Aug  3 17:16:53 UTC 2025] PDF report generated: ./reports/report.pdf
[Sun Aug  3 18:22:43 UTC 2025] PDF report generated: ./reports/report.pdf
[Sun Aug  3 19:15:14 UTC 2025] PDF report generated: ./reports/report.pdf
[Sun Aug  3 20:18:32 UTC 2025] PDF report generated: ./reports/report.pdf
[Sun Aug  3 21:16:32 UTC 2025] PDF report generated: ./reports/report.pdf
[Sun Aug  3 22:18:15 UTC 2025] PDF report generated: ./reports/report.pdf
[Sun Aug  3 23:18:25 UTC 2025] PDF report generated: ./reports/report.pdf
[Mon Aug  4 01:16:48 UTC 2025] PDF report generated: ./reports/report.pdf
[Mon Aug  4 03:54:29 UTC 2025] PDF report generated: ./reports/report.pdf
[Mon Aug  4 04:56:33 UTC 2025] PDF report generated: ./reports/report.pdf
[Mon Aug  4 05:36:02 UTC 2025] PDF report generated: ./reports/report.pdf
[Mon Aug  4 06:31:23 UTC 2025] PDF report generated: ./reports/report.pdf
[Mon Aug  4 07:28:34 UTC 2025] PDF report generated: ./reports/report.pdf
[Mon Aug  4 08:26:12 UTC 2025] PDF report generated: ./reports/report.pdf
[Mon Aug  4 09:30:16 UTC 2025] PDF report generated: ./reports/report.pdf
[Mon Aug  4 10:22:29 UTC 2025] PDF report generated: ./reports/report.pdf
[Mon Aug  4 11:17:39 UTC 2025] PDF report generated: ./reports/report.pdf
[Mon Aug  4 12:33:14 UTC 2025] PDF report generated: ./reports/report.pdf
[Mon Aug  4 13:42:12 UTC 2025] PDF report generated: ./reports/report.pdf
[Mon Aug  4 14:24:08 UTC 2025] PDF report generated: ./reports/report.pdf
[Mon Aug  4 15:20:46 UTC 2025] PDF report generated: ./reports/report.pdf
[Mon Aug  4 16:23:28 UTC 2025] PDF report generated: ./reports/report.pdf
[Mon Aug  4 17:25:22 UTC 2025] PDF report generated: ./reports/report.pdf
[Mon Aug  4 18:24:47 UTC 2025] PDF report generated: ./reports/report.pdf
[Mon Aug  4 19:20:08 UTC 2025] PDF report generated: ./reports/report.pdf
[Mon Aug  4 20:21:38 UTC 2025] PDF report generated: ./reports/report.pdf
[Mon Aug  4 21:18:22 UTC 2025] PDF report generated: ./reports/report.pdf
[Mon Aug  4 22:18:46 UTC 2025] PDF report generated: ./reports/report.pdf
[Mon Aug  4 23:19:34 UTC 2025] PDF report generated: ./reports/report.pdf
[Tue Aug  5 01:13:16 UTC 2025] PDF report generated: ./reports/report.pdf
[Tue Aug  5 03:48:01 UTC 2025] PDF report generated: ./reports/report.pdf
[Tue Aug  5 04:47:26 UTC 2025] PDF report generated: ./reports/report.pdf
[Tue Aug  5 05:28:31 UTC 2025] PDF report generated: ./reports/report.pdf
[Tue Aug  5 06:31:32 UTC 2025] PDF report generated: ./reports/report.pdf
[Tue Aug  5 07:26:36 UTC 2025] PDF report generated: ./reports/report.pdf
[Tue Aug  5 08:24:50 UTC 2025] PDF report generated: ./reports/report.pdf
[Tue Aug  5 09:25:58 UTC 2025] PDF report generated: ./reports/report.pdf
[Tue Aug  5 10:20:42 UTC 2025] PDF report generated: ./reports/report.pdf
[Tue Aug  5 11:18:24 UTC 2025] PDF report generated: ./reports/report.pdf
[Tue Aug  5 12:34:14 UTC 2025] PDF report generated: ./reports/report.pdf
[Tue Aug  5 13:42:39 UTC 2025] PDF report generated: ./reports/report.pdf
[Tue Aug  5 14:25:13 UTC 2025] PDF report generated: ./reports/report.pdf
[Tue Aug  5 15:22:30 UTC 2025] PDF report generated: ./reports/report.pdf
[Tue Aug  5 16:21:30 UTC 2025] PDF report generated: ./reports/report.pdf
[Tue Aug  5 17:19:21 UTC 2025] PDF report generated: ./reports/report.pdf
[Tue Aug  5 18:27:56 UTC 2025] PDF report generated: ./reports/report.pdf
[Tue Aug  5 19:22:41 UTC 2025] PDF report generated: ./reports/report.pdf
[Tue Aug  5 20:21:23 UTC 2025] PDF report generated: ./reports/report.pdf
[Tue Aug  5 21:20:00 UTC 2025] PDF report generated: ./reports/report.pdf
[Tue Aug  5 22:21:05 UTC 2025] PDF report generated: ./reports/report.pdf
[Tue Aug  5 23:23:37 UTC 2025] PDF report generated: ./reports/report.pdf
[Wed Aug  6 01:12:53 UTC 2025] PDF report generated: ./reports/report.pdf
[Wed Aug  6 03:45:54 UTC 2025] PDF report generated: ./reports/report.pdf
[Wed Aug  6 04:45:03 UTC 2025] PDF report generated: ./reports/report.pdf
[Wed Aug  6 05:31:46 UTC 2025] PDF report generated: ./reports/report.pdf
[Wed Aug  6 06:28:53 UTC 2025] PDF report generated: ./reports/report.pdf
[Wed Aug  6 07:26:02 UTC 2025] PDF report generated: ./reports/report.pdf
[Wed Aug  6 08:26:17 UTC 2025] PDF report generated: ./reports/report.pdf
[Wed Aug  6 09:28:13 UTC 2025] PDF report generated: ./reports/report.pdf
[Wed Aug  6 10:23:31 UTC 2025] PDF report generated: ./reports/report.pdf
[Wed Aug  6 11:19:40 UTC 2025] PDF report generated: ./reports/report.pdf
[Wed Aug  6 12:35:09 UTC 2025] PDF report generated: ./reports/report.pdf
[Wed Aug  6 13:43:58 UTC 2025] PDF report generated: ./reports/report.pdf
[Wed Aug  6 14:25:52 UTC 2025] PDF report generated: ./reports/report.pdf
[Wed Aug  6 15:22:31 UTC 2025] PDF report generated: ./reports/report.pdf
[Wed Aug  6 16:25:13 UTC 2025] PDF report generated: ./reports/report.pdf
[Wed Aug  6 17:23:55 UTC 2025] PDF report generated: ./reports/report.pdf
[Wed Aug  6 18:26:47 UTC 2025] PDF report generated: ./reports/report.pdf
[Wed Aug  6 19:21:28 UTC 2025] PDF report generated: ./reports/report.pdf
[Wed Aug  6 20:23:28 UTC 2025] PDF report generated: ./reports/report.pdf
[Wed Aug  6 21:19:25 UTC 2025] PDF report generated: ./reports/report.pdf
[Wed Aug  6 22:22:09 UTC 2025] PDF report generated: ./reports/report.pdf
[Wed Aug  6 23:20:52 UTC 2025] PDF report generated: ./reports/report.pdf
[Thu Aug  7 01:14:35 UTC 2025] PDF report generated: ./reports/report.pdf
[Thu Aug  7 03:38:12 UTC 2025] PDF report generated: ./reports/report.pdf
[Thu Aug  7 04:45:11 UTC 2025] PDF report generated: ./reports/report.pdf
[Thu Aug  7 05:30:30 UTC 2025] PDF report generated: ./reports/report.pdf
[Thu Aug  7 06:31:30 UTC 2025] PDF report generated: ./reports/report.pdf
[Thu Aug  7 07:27:24 UTC 2025] PDF report generated: ./reports/report.pdf
[Thu Aug  7 08:28:17 UTC 2025] PDF report generated: ./reports/report.pdf
[Thu Aug  7 09:27:16 UTC 2025] PDF report generated: ./reports/report.pdf
[Thu Aug  7 10:22:46 UTC 2025] PDF report generated: ./reports/report.pdf
[Thu Aug  7 11:20:47 UTC 2025] PDF report generated: ./reports/report.pdf
[Thu Aug  7 12:36:51 UTC 2025] PDF report generated: ./reports/report.pdf
[Thu Aug  7 13:43:33 UTC 2025] PDF report generated: ./reports/report.pdf
[Thu Aug  7 14:26:01 UTC 2025] PDF report generated: ./reports/report.pdf
[Thu Aug  7 15:25:05 UTC 2025] PDF report generated: ./reports/report.pdf
[Thu Aug  7 16:25:58 UTC 2025] PDF report generated: ./reports/report.pdf
[Thu Aug  7 17:25:11 UTC 2025] PDF report generated: ./reports/report.pdf
[Thu Aug  7 18:28:34 UTC 2025] PDF report generated: ./reports/report.pdf
[Thu Aug  7 19:23:21 UTC 2025] PDF report generated: ./reports/report.pdf
[Thu Aug  7 20:26:34 UTC 2025] PDF report generated: ./reports/report.pdf
[Thu Aug  7 21:20:57 UTC 2025] PDF report generated: ./reports/report.pdf
[Thu Aug  7 22:23:17 UTC 2025] PDF report generated: ./reports/report.pdf
[Thu Aug  7 23:22:50 UTC 2025] PDF report generated: ./reports/report.pdf
[Fri Aug  8 01:15:18 UTC 2025] PDF report generated: ./reports/report.pdf
[Fri Aug  8 03:39:53 UTC 2025] PDF report generated: ./reports/report.pdf
[Fri Aug  8 04:46:49 UTC 2025] PDF report generated: ./reports/report.pdf
[Fri Aug  8 05:32:40 UTC 2025] PDF report generated: ./reports/report.pdf
[Fri Aug  8 06:31:10 UTC 2025] PDF report generated: ./reports/report.pdf
[Fri Aug  8 07:29:28 UTC 2025] PDF report generated: ./reports/report.pdf
[Fri Aug  8 08:27:32 UTC 2025] PDF report generated: ./reports/report.pdf
[Fri Aug  8 09:29:10 UTC 2025] PDF report generated: ./reports/report.pdf
[Fri Aug  8 10:24:26 UTC 2025] PDF report generated: ./reports/report.pdf
[Fri Aug  8 11:21:23 UTC 2025] PDF report generated: ./reports/report.pdf
[Fri Aug  8 12:36:25 UTC 2025] PDF report generated: ./reports/report.pdf
[Fri Aug  8 13:42:43 UTC 2025] PDF report generated: ./reports/report.pdf
[Fri Aug  8 14:25:10 UTC 2025] PDF report generated: ./reports/report.pdf
[Fri Aug  8 15:24:21 UTC 2025] PDF report generated: ./reports/report.pdf
[Fri Aug  8 16:24:35 UTC 2025] PDF report generated: ./reports/report.pdf
[Fri Aug  8 17:20:17 UTC 2025] PDF report generated: ./reports/report.pdf
[Fri Aug  8 18:28:02 UTC 2025] PDF report generated: ./reports/report.pdf
[Fri Aug  8 19:23:45 UTC 2025] PDF report generated: ./reports/report.pdf
[Fri Aug  8 20:25:21 UTC 2025] PDF report generated: ./reports/report.pdf
[Fri Aug  8 21:22:37 UTC 2025] PDF report generated: ./reports/report.pdf
[Fri Aug  8 22:22:09 UTC 2025] PDF report generated: ./reports/report.pdf
[Fri Aug  8 23:25:49 UTC 2025] PDF report generated: ./reports/report.pdf
[Sat Aug  9 01:11:45 UTC 2025] PDF report generated: ./reports/report.pdf
[Sat Aug  9 03:26:01 UTC 2025] PDF report generated: ./reports/report.pdf
[Sat Aug  9 04:32:31 UTC 2025] PDF report generated: ./reports/report.pdf
[Sat Aug  9 05:25:27 UTC 2025] PDF report generated: ./reports/report.pdf
[Sat Aug  9 06:28:35 UTC 2025] PDF report generated: ./reports/report.pdf
[Sat Aug  9 07:22:56 UTC 2025] PDF report generated: ./reports/report.pdf
[Sat Aug  9 08:25:58 UTC 2025] PDF report generated: ./reports/report.pdf
[Sat Aug  9 09:23:41 UTC 2025] PDF report generated: ./reports/report.pdf
[Sat Aug  9 10:22:57 UTC 2025] PDF report generated: ./reports/report.pdf
[Sat Aug  9 11:21:32 UTC 2025] PDF report generated: ./reports/report.pdf
[Sat Aug  9 12:34:58 UTC 2025] PDF report generated: ./reports/report.pdf
[Sat Aug  9 13:35:50 UTC 2025] PDF report generated: ./reports/report.pdf
[Sat Aug  9 14:22:11 UTC 2025] PDF report generated: ./reports/report.pdf
[Sat Aug  9 15:23:13 UTC 2025] PDF report generated: ./reports/report.pdf
[Sat Aug  9 16:26:36 UTC 2025] PDF report generated: ./reports/report.pdf
[Sat Aug  9 17:21:22 UTC 2025] PDF report generated: ./reports/report.pdf
[Sat Aug  9 18:28:44 UTC 2025] PDF report generated: ./reports/report.pdf
[Sat Aug  9 19:20:58 UTC 2025] PDF report generated: ./reports/report.pdf
[Sat Aug  9 20:24:53 UTC 2025] PDF report generated: ./reports/report.pdf
[Sat Aug  9 21:22:53 UTC 2025] PDF report generated: ./reports/report.pdf
[Sat Aug  9 22:23:16 UTC 2025] PDF report generated: ./reports/report.pdf
[Sat Aug  9 23:24:00 UTC 2025] PDF report generated: ./reports/report.pdf
[Sun Aug 10 01:22:47 UTC 2025] PDF report generated: ./reports/report.pdf
[Sun Aug 10 03:41:33 UTC 2025] PDF report generated: ./reports/report.pdf
[Sun Aug 10 04:46:00 UTC 2025] PDF report generated: ./reports/report.pdf
[Sun Aug 10 05:29:44 UTC 2025] PDF report generated: ./reports/report.pdf
[Sun Aug 10 06:30:04 UTC 2025] PDF report generated: ./reports/report.pdf
[Sun Aug 10 07:23:39 UTC 2025] PDF report generated: ./reports/report.pdf
[Sun Aug 10 08:27:50 UTC 2025] PDF report generated: ./reports/report.pdf
[Sun Aug 10 09:25:24 UTC 2025] PDF report generated: ./reports/report.pdf
[Sun Aug 10 10:24:49 UTC 2025] PDF report generated: ./reports/report.pdf
[Sun Aug 10 11:22:04 UTC 2025] PDF report generated: ./reports/report.pdf
[Sun Aug 10 12:36:18 UTC 2025] PDF report generated: ./reports/report.pdf
[Sun Aug 10 13:37:12 UTC 2025] PDF report generated: ./reports/report.pdf
[Sun Aug 10 14:24:02 UTC 2025] PDF report generated: ./reports/report.pdf
[Sun Aug 10 15:25:02 UTC 2025] PDF report generated: ./reports/report.pdf
[Sun Aug 10 16:27:55 UTC 2025] PDF report generated: ./reports/report.pdf
[Sun Aug 10 17:23:28 UTC 2025] PDF report generated: ./reports/report.pdf
[Sun Aug 10 18:29:06 UTC 2025] PDF report generated: ./reports/report.pdf
[Sun Aug 10 19:22:43 UTC 2025] PDF report generated: ./reports/report.pdf
[Sun Aug 10 20:26:39 UTC 2025] PDF report generated: ./reports/report.pdf
[Sun Aug 10 21:24:17 UTC 2025] PDF report generated: ./reports/report.pdf
[Sun Aug 10 22:24:28 UTC 2025] PDF report generated: ./reports/report.pdf
[Sun Aug 10 23:24:55 UTC 2025] PDF report generated: ./reports/report.pdf
[Mon Aug 11 01:20:34 UTC 2025] PDF report generated: ./reports/report.pdf
[Mon Aug 11 03:41:26 UTC 2025] PDF report generated: ./reports/report.pdf
[Mon Aug 11 04:49:52 UTC 2025] PDF report generated: ./reports/report.pdf
